# Preference setting overrides
gui_set_pref_value -category {Data} -key {showValueAnnotation} -value {true}
gui_create_pref_key -category {Globals} -key {load_detail_for_funcov} -value_type {bool} -value {false}
gui_set_pref_value -category {Schematics} -key {hover_color_str} -value {Green}
gui_set_pref_value -category {Schematics} -key {zoom_with_wheel} -value {true}
gui_set_pref_value -category {Source} -key {showEncrypt} -value {true}
gui_set_pref_value -category {Source} -key {value_annotate} -value {true}
gui_set_pref_value -category {Wave} -key {activeRegionColor} -value {magenta}
gui_set_pref_value -category {Wave} -key {waveMaxBits} -value {All}
gui_create_pref_category -category {dlg_settings}
gui_create_pref_key -category {dlg_settings} -key {tableWithImmediatePopup} -value_type {bool} -value {true}
gui_create_pref_category -category {schem_obj_name}
gui_create_pref_key -category {schem_obj_name} -key {show_cell_and_pin_with_symbol_name} -value_type {bool} -value {false}
gui_create_pref_key -category {schem_pin_hc} -key {textExtFont} -value_type {string} -value {Helvetica,10,-1,5,50,0,0,0,0,0}
gui_set_pref_value -category {wave_name_column} -key {fullname} -value {All}

# State setting overrides
gui_state_default_create -off -ini
gui_set_state_value -category Globals -key &File_toolbar -value true
gui_set_state_value -category Globals -key default_marker_mode_frequency -value true
gui_set_state_value -category Globals -key recent_cov_databases -value {/nfs/site/disks/psg_data_35/chavanvx/n60001_28MARCH_2/ofs-common@commit/verification/fpga_family/agilex/unit_tb/copy_engine/sim/simv.vdb {gui_open_cov  -hier /nfs/site/disks/psg_data_35/chavanvx/n60001_28MARCH_2/ofs-common@commit/verification/fpga_family/agilex/unit_tb/copy_engine/sim/simv.vdb -testdir  {/nfs/site/disks/psg_data_35/chavanvx/n60001_28MARCH_2/ofs-common@commit/verification/fpga_family/agilex/unit_tb/copy_engine/sim/simv.vdb} -test { /nfs/site/disks/psg_data_35/chavanvx/n60001_28MARCH_2/ofs-common@commit/verification/fpga_family/agilex/unit_tb/copy_engine/sim/simv/test } -merge MergedTest} /nfs/site/disks/swuser_work_srudrarx/MAR21_N6001_nitLevel_REGM/ofs-common@commit/verification/fpga_family/agilex/unit_tb/copy_engine/sim/simv.vdb}
gui_set_state_value -category Globals -key recent_databases -value {{gui_open_db -file vcdplus.vpd} {gui_open_db -file verilog.dump -design V1} {gui_open_db -file /nfs/site/disks/swuser_work_srudrarx/OCT11_F2000X_MMIO_VPD/f2000x@commit/verification/sim/mmio_test/inter.vpd} {gui_open_db -file inter.vpd} {gui_open_db -file /nfs/site/disks/swuser_work_chavanvx/FTILE_20SEPT_UNIT/n6001@commit/sim/unit_test/hssi_test/sim_vcs/vcdplus.vpd}}
gui_set_state_value -category Globals -key recent_sessions -value {{gui_load_session -ignore_errors -file /nfs/site/disks/swuser_work_chavanvx/n6001_main_12SEPT/n6001@commit/verification/session.inter.vpd.tcl} {gui_load_session -ignore_errors -file /nfs/site/disks/swuser_work_chavanvx/n6001_main_12SEPT/n6001@commit/verification/session.inter.vpd.tcl -ignore_errors} {gui_load_session -ignore_errors -file /nfs/site/disks/psg_data_35/chavanvx/xprop.tcl -ignore_errors} {gui_load_session -ignore_errors -file /nfs/site/disks/psg_data_35/chavanvx/xprop.tcl} {gui_load_session -ignore_errors -file /nfs/site/disks/psg_data_35/chavanvx/PMCI_FLASH.tcl -ignore_errors}}
gui_set_state_value -category Layout -key child_assertion_size_x -value 1899
gui_set_state_value -category Layout -key child_assertion_size_y -value 105
gui_set_state_value -category Layout -key child_console_size_x -value 1899
gui_set_state_value -category Layout -key child_console_size_y -value 177
gui_set_state_value -category Layout -key child_covdetail_docknewline -value false
gui_set_state_value -category Layout -key child_covdetail_pos_x -value {-2}
gui_set_state_value -category Layout -key child_covdetail_pos_y -value {-15}
gui_set_state_value -category Layout -key child_covdetail_size_x -value 1287
gui_set_state_value -category Layout -key child_covdetail_size_y -value 665
gui_set_state_value -category Layout -key child_coveragetable_docknewline -value false
gui_set_state_value -category Layout -key child_coveragetable_pos_x -value {-2}
gui_set_state_value -category Layout -key child_coveragetable_pos_y -value {-15}
gui_set_state_value -category Layout -key child_coveragetable_size_x -value 1521
gui_set_state_value -category Layout -key child_coveragetable_size_y -value 665
gui_set_state_value -category Layout -key child_data_coltype -value 115
gui_set_state_value -category Layout -key child_data_colvalue -value 284
gui_set_state_value -category Layout -key child_data_colvariable -value 281
gui_set_state_value -category Layout -key child_data_size_x -value 688
gui_set_state_value -category Layout -key child_data_size_y -value 678
gui_set_state_value -category Layout -key child_driver_size_x -value 1651
gui_set_state_value -category Layout -key child_driver_size_y -value 437
gui_set_state_value -category Layout -key child_hier_col3 -value {-1}
gui_set_state_value -category Layout -key child_hier_colhier -value 281
gui_set_state_value -category Layout -key child_hier_colpd -value 0
gui_set_state_value -category Layout -key child_hier_coltype -value 52
gui_set_state_value -category Layout -key child_hier_size_x -value 341
gui_set_state_value -category Layout -key child_hier_size_y -value 678
gui_set_state_value -category Layout -key child_list_docknewline -value false
gui_set_state_value -category Layout -key child_list_down -value 529
gui_set_state_value -category Layout -key child_list_left -value 315
gui_set_state_value -category Layout -key child_list_pos_x -value {-2}
gui_set_state_value -category Layout -key child_list_pos_y -value {-15}
gui_set_state_value -category Layout -key child_list_right -value 1068
gui_set_state_value -category Layout -key child_list_size_x -value 1393
gui_set_state_value -category Layout -key child_list_size_y -value 674
gui_set_state_value -category Layout -key child_source_docknewline -value false
gui_set_state_value -category Layout -key child_source_pos_x -value {-2}
gui_set_state_value -category Layout -key child_source_pos_y -value {-15}
gui_set_state_value -category Layout -key child_source_size_x -value 873
gui_set_state_value -category Layout -key child_source_size_y -value 673
gui_set_state_value -category Layout -key child_wave_colname -value 157
gui_set_state_value -category Layout -key child_wave_colvalue -value 89
gui_set_state_value -category Layout -key child_wave_docknewline -value false
gui_set_state_value -category Layout -key child_wave_left -value 250
gui_set_state_value -category Layout -key child_wave_pos_x -value {-2}
gui_set_state_value -category Layout -key child_wave_pos_y -value {-15}
gui_set_state_value -category Layout -key child_wave_right -value 611
gui_set_state_value -category Layout -key child_wave_size_x -value 871
gui_set_state_value -category Layout -key child_wave_size_y -value 672
gui_set_state_value -category Layout -key cov_main_pos_x -value 0
gui_set_state_value -category Layout -key cov_main_pos_y -value 22
gui_set_state_value -category Layout -key cov_main_size_x -value 1899
gui_set_state_value -category Layout -key cov_main_size_y -value 949
gui_set_state_value -category Layout -key main_pos_x -value 0
gui_set_state_value -category Layout -key main_pos_y -value 22
gui_set_state_value -category Layout -key main_size_x -value 1899
gui_set_state_value -category Layout -key main_size_y -value 949
gui_set_state_value -category Layout -key stand_list_child_docknewline -value false
gui_set_state_value -category Layout -key stand_list_child_pos_x -value {-2}
gui_set_state_value -category Layout -key stand_list_child_pos_y -value {-15}
gui_set_state_value -category Layout -key stand_list_child_size_x -value 604
gui_set_state_value -category Layout -key stand_list_child_size_y -value 353
gui_set_state_value -category Layout -key stand_list_top_pos_x -value 501
gui_set_state_value -category Layout -key stand_list_top_pos_y -value 22
gui_set_state_value -category Layout -key stand_list_top_size_y -value 521
gui_set_state_value -category Layout -key stand_wave_child_docknewline -value false
gui_set_state_value -category Layout -key stand_wave_child_pos_x -value {-2}
gui_set_state_value -category Layout -key stand_wave_child_pos_y -value {-15}
gui_set_state_value -category Layout -key stand_wave_child_size_x -value 1904
gui_set_state_value -category Layout -key stand_wave_child_size_y -value 850
gui_set_state_value -category Layout -key stand_wave_top_pos_x -value 0
gui_set_state_value -category Layout -key stand_wave_top_pos_y -value 22
gui_set_state_value -category Layout -key stand_wave_top_size_x -value 1899
gui_set_state_value -category Layout -key stand_wave_top_size_y -value 949
gui_create_state_key -category FindDialog -key m_pMatchCase -value_type bool -value false
gui_create_state_key -category FindDialog -key m_pMatchWord -value_type bool -value false
gui_create_state_key -category FindDialog -key m_pUseCombo -value_type string -value {}
gui_create_state_key -category FindDialog -key m_pWrapAround -value_type bool -value true
gui_create_state_key -category Widget_History -key Find|m_pFindFrame|m_pFindCombo -value_type string -value {i_filter_disable i_relay_all_addresses i1_app_ss_mm_awaddr ext_mem_if tg2_mem_if}
gui_create_state_key -category Widget_History -key Search.1|m_pStringCombo -value_type string -value {tennm_iossm_model_encrypted *emif*cal*bus*}
gui_create_state_key -category Widget_History -key {TopLevel.1|qt_bottom_dock|DockWnd0|Console.1|console_widget_stack|tab|tab pages|Search Files|m_searchQuery} -value_type string -value {pf_vf_mux_default_rtable pf_vf_mux_default_rtable pf_vf_mux_default_rtable.vh pf_vf_mux_default_rtable.vh top_cfg_pkg}
gui_create_state_key -category Widget_History -key {TopLevel.1|qt_left_dock|DockWnd1|HSPane.1|pages|Hier.1|hbox1|Scope Explore} -value_type string -value {{tb_top.DUT.hssi_wrapper.hssi_ss.hssi_ss.U_hssi_ss_ip_wrapper.U_hssi_ss_ip_top_p4.alt_ehipc3_fm_0.alt_ehipc3_fm_top_p4.alt_ehipc3_fm_hard_inst.SL_NPHY_RSFEC.altera_xcvr_native_inst.alt_ehipc3_fm_nphy_elane_sim.g_xcvr_native_insts[2].ct3_xcvr_native_inst.inst_ct3_xcvr_channel.inst_ct3_hssi_xcvr.ct3_hssi_xcvr_encrypted_inst.ct1_hssirtl_c3xcvr_inst.die_specific_inst.x_c3xcvr}}
gui_create_state_key -category Widget_History -key TopLevel.1|qt_left_dock|DockWnd1|HSPane.1|pages|Hier.1|hbox|textfilter -value_type string -value {*top*cfg* *top* *mctp* *pcie*mux*}
gui_create_state_key -category Widget_History -key TopLevel.1|qt_left_dock|DockWnd2|DLPane.1|pages|Data.1|hbox|textfilter -value_type string -value {*saddr* *pin* *reset* *pcs*ready*}
gui_create_state_key -category Widget_History -key {TopLevel.1|qt_left_dock|DockWnd3|HSPane.1|pages|Hier.1|hbox1|Scope Explore} -value_type string -value {{tb_top.DUT.hssi_wrapper.hssi_ss.hssi_ss.U_hssi_ss_ip_wrapper.U_hssi_ss_ip_top_p4.alt_ehipc3_fm_0.alt_ehipc3_fm_top_p4.alt_ehipc3_fm_hard_inst.SL_NPHY_RSFEC.altera_xcvr_native_inst.alt_ehipc3_fm_nphy_elane_sim.g_xcvr_native_insts[2].ct3_xcvr_native_inst.inst_ct3_xcvr_channel.inst_ct3_hssi_aibadapt_tx.ct3_hssi_aibadapt_tx_encrypted_inst.ct1_hssirtl_c3aibadapt_txchnl_inst.die_specific_inst.x_c3aibadapt_txchnl.tx_datapath} {tb_top.DUT.hssi_wrapper.hssi_ss.hssi_ss.U_hssi_ss_ip_wrapper.U_hssi_ss_ip_top_p4.alt_ehipc3_fm_0.alt_ehipc3_fm_top_p4.alt_ehipc3_fm_hard_inst.SL_NPHY_RSFEC.altera_xcvr_native_inst.alt_ehipc3_fm_nphy_elane_sim.g_xcvr_native_insts[3].ct3_xcvr_native_inst.inst_ct3_xcvr_channel.inst_ct3_hssi_aibadapt_tx.ct3_hssi_aibadapt_tx_encrypted_inst.ct1_hssirtl_c3aibadapt_txchnl_inst.die_specific_inst.x_c3aibadapt_txchnl.tx_datapath} {tb_top.DUT.hssi_wrapper.hssi_ss.hssi_ss.U_hssi_ss_ip_wrapper.U_hssi_ss_ip_top_p4.alt_ehipc3_fm_0.alt_ehipc3_fm_top_p4.alt_ehipc3_fm_hard_inst.SL_NPHY_RSFEC.altera_xcvr_native_inst.alt_ehipc3_fm_nphy_elane_sim.g_xcvr_native_insts[2].ct3_xcvr_native_inst.inst_ct3_xcvr_channel.inst_ct3_hssi_aibadapt_tx.ct3_hssi_aibadapt_tx_encrypted_inst.ct1_hssirtl_c3aibadapt_txchnl_inst.die_specific_inst.x_c3aibadapt_txchnl.tx_datapath.txdp_map} {tb_top.DUT.hssi_wrapper.hssi_ss.hssi_ss.U_hssi_ss_ip_wrapper.U_hssi_ss_ip_top_p4.alt_ehipc3_fm_0.alt_ehipc3_fm_top_p4.alt_ehipc3_fm_hard_inst.SL_NPHY_RSFEC.altera_xcvr_native_inst.alt_ehipc3_fm_nphy_elane_sim.g_xcvr_native_insts[2].ct3_xcvr_native_inst.inst_ct3_xcvr_channel.inst_ct3_hssi_ehip_lane.ct3_hssi_ehip_lane_encrypted_inst.ct1_hssirtl_ehiplane_inst.die_specific_inst.x_ehiplane.u_tx_pld.ehip_tx_pld_fifo} {tb_top.DUT.hssi_wrapper.hssi_ss.hssi_ss.U_hssi_ss_ip_wrapper.U_hssi_ss_ip_top_p4.alt_ehipc3_fm_0.alt_ehipc3_fm_top_p4.alt_ehipc3_fm_hard_inst.SL_NPHY_RSFEC.altera_xcvr_native_inst.alt_ehipc3_fm_nphy_elane_sim.g_xcvr_native_insts[2].ct3_xcvr_native_inst.inst_ct3_xcvr_channel.inst_ct3_hssi_ehip_lane.ct3_hssi_ehip_lane_encrypted_inst.ct1_hssirtl_ehiplane_inst.die_specific_inst.x_ehiplane.u_tx_pld.tx_portmap}}
gui_create_state_key -category Widget_History -key TopLevel.1|qt_left_dock|DockWnd4|DLPane.1|pages|Data.1|hbox|textfilter -value_type string -value {*err* *inframe* *type* {}}
gui_create_state_key -category Widget_History -key TopLevel.1|qt_left_dock|DockWnd5|DLPane.1|pages|Data.1|hbox|textfilter -value_type string -value {*core16*bar4* *bar4*}
gui_create_state_key -category Widget_History -key TopLevel.1|qt_top_dock|&Edit|FindCombo -value_type string -value {i_filter_disable i_relay_all_addresses i1_app_ss_mm_awaddr ext_mem_if tg2_mem_if}
gui_create_state_key -category Widget_History -key TopLevel.2|qt_top_dock|&Edit|FindCombo -value_type string -value {init_file afu_flr_req pcie_flr_req port_gas hssi_ss_st_tx}
gui_create_state_key -category Widget_History -key dlgSearchValue|m_ValueComboBox -value_type string -value {30 12 70 04c 060}
gui_create_state_key -category Widget_History -key {dveSessionDialogImpl|directory history/editor} -value_type string -value {/p/psg/data/chavanvx /nfs/site/disks/swuser_work_spusarax}
gui_create_state_key -category SearchDialog -key MatchCase -value_type bool -value false
gui_create_state_key -category SearchDialog -key MatchWord -value_type bool -value true
gui_create_state_key -category SearchDialog -key SearchMode -value_type string -value Wildcards
gui_create_state_key -category SearchDialog -key UseCombo -value_type bool -value true
gui_create_state_key -category Layout_CoverageTable_covtblFGroupsList -key names -value_type string -value {Group,    , ,  ,   ,Score,Assert,Covergroup,}
gui_create_state_key -category Layout_CoverageTable_covtblFGroupsList -key orders -value_type string -value 4,0,1,2,3,5,6,7,
gui_create_state_key -category Layout_CoverageTable_covtblFGroupsList -key widths -value_type string -value 220,0,25,0,0,125,125,125,
gui_create_state_key -category Layout_CoverageTable_covtblInstancesList -key names -value_type string -value {Name,    , ,  ,   ,Score,Line,Toggle,FSM,Condition,Branch,Assert,}
gui_create_state_key -category Layout_CoverageTable_covtblInstancesList -key orders -value_type string -value 4,0,1,2,3,5,6,7,8,9,10,11,
gui_create_state_key -category Layout_CoverageTable_covtblInstancesList -key widths -value_type string -value 220,0,25,0,0,125,125,125,125,125,125,125,
gui_create_state_key -category Layout_CoverageTable_covtblModulesList -key names -value_type string -value {Name,    , ,  ,   ,Score,Line,Toggle,FSM,Condition,Branch,Assert,}
gui_create_state_key -category Layout_CoverageTable_covtblModulesList -key orders -value_type string -value 4,0,1,2,3,5,6,7,8,9,10,11,
gui_create_state_key -category Layout_CoverageTable_covtblModulesList -key widths -value_type string -value 220,0,25,0,0,125,125,125,125,125,125,125,
gui_create_state_key -category Layout_CovDetail_lnListView -key names -value_type string -value Category,Coverage,
gui_create_state_key -category Layout_CovDetail_lnListView -key orders -value_type string -value 0,1,
gui_create_state_key -category Layout_CovDetail_lnListView -key widths -value_type string -value 82,125,
gui_create_state_key -category Layout_CovDetail_tglListView -key names -value_type string -value {Variable, ,  ,   ,Type,Coverage,Display,}
gui_create_state_key -category Layout_CovDetail_tglListView -key orders -value_type string -value 3,0,1,2,4,5,6,
gui_create_state_key -category Layout_CovDetail_tglListView -key widths -value_type string -value 140,25,0,0,50,125,140,
gui_create_state_key -category Layout_CovDetail_tglDetailListView -key names -value_type string -value {Variable, ,  ,   ,0->1,1->0,}
gui_create_state_key -category Layout_CovDetail_tglDetailListView -key orders -value_type string -value 3,0,1,2,4,5,
gui_create_state_key -category Layout_CovDetail_tglDetailListView -key widths -value_type string -value 140,25,0,0,50,50,
gui_create_state_key -category Layout_CovDetail_fsmListView -key names -value_type string -value {FSM, ,  ,   ,State,Transition,Sequence,}
gui_create_state_key -category Layout_CovDetail_fsmListView -key orders -value_type string -value 3,0,1,2,5,4,6,
gui_create_state_key -category Layout_CovDetail_fsmListView -key widths -value_type string -value 61,25,0,0,125,125,125,
gui_create_state_key -category Layout_CovDetail_fsmlist -key names -value_type string -value {Coverage, ,  ,   ,Transition,}
gui_create_state_key -category Layout_CovDetail_fsmlist -key orders -value_type string -value 3,0,1,2,4,
gui_create_state_key -category Layout_CovDetail_fsmlist -key widths -value_type string -value 125,25,0,0,61,
gui_create_state_key -category Layout_CovDetail_cndListView -key names -value_type string -value {Expression, ,  ,   ,ID,Coverage,Line No.,}
gui_create_state_key -category Layout_CovDetail_cndListView -key orders -value_type string -value 3,0,1,2,4,5,6,
gui_create_state_key -category Layout_CovDetail_cndListView -key widths -value_type string -value 320,25,0,0,0,125,55,
gui_create_state_key -category Layout_CovDetail_brListView -key names -value_type string -value {Name, ,  ,   ,Coverage,Line No.,}
gui_create_state_key -category Layout_CovDetail_brListView -key orders -value_type string -value 3,0,1,2,4,5,
gui_create_state_key -category Layout_CovDetail_brListView -key widths -value_type string -value 100,25,0,0,125,55,
gui_create_state_key -category Layout_CovDetail_designAssertListView -key names -value_type string -value {Assert Name,    , ,  ,   ,Attempts,Real Successes,Failures,Incompletes,Category,Severity,}
gui_create_state_key -category Layout_CovDetail_designAssertListView -key orders -value_type string -value 4,0,1,2,3,5,6,7,8,9,10,
gui_create_state_key -category Layout_CovDetail_designAssertListView -key widths -value_type string -value 98,0,25,0,0,59,85,50,71,59,54,
gui_create_state_key -category Layout_CovDetail_codeMiddleSplitter -key value1 -value_type integer -value 10
gui_create_state_key -category Layout_CovDetail_codeMiddleSplitter -key value2 -value_type integer -value 259
gui_create_state_key -category Layout_CovDetail_cndSplitter -key value1 -value_type integer -value 100
gui_create_state_key -category Layout_CovDetail_cndSplitter -key value2 -value_type integer -value 159
gui_create_state_key -category Layout_CovDetail_covGrpInsListView -key names -value_type string -value {Cover Group Item,    , ,  ,   ,Definition,Score,Goal,Weight,At Least,Per Instance,Overlap,Auto Bin Max,Print Missing,Comment,}
gui_create_state_key -category Layout_CovDetail_covGrpInsListView -key orders -value_type string -value 4,0,1,2,3,5,6,7,8,9,10,11,12,13,14,
gui_create_state_key -category Layout_CovDetail_covGrpInsListView -key widths -value_type string -value 123,0,25,0,0,61,125,25,36,43,62,0,67,65,49,
gui_create_state_key -category Layout_CovDetail_covGrpDefListView -key names -value_type string -value {Cover Group Item,    , ,  ,   ,Score,Goal,Weight,At Least,Per Instance,Overlap,Auto Bin Max,Print Missing,Comment,}
gui_create_state_key -category Layout_CovDetail_covGrpDefListView -key orders -value_type string -value 4,0,1,2,3,5,6,7,8,9,10,11,12,13,
gui_create_state_key -category Layout_CovDetail_covGrpDefListView -key widths -value_type string -value 228,0,25,0,0,125,61,72,79,98,0,103,101,85,
gui_create_state_key -category Layout_CovDetail_m_CovGrpTable -key names -value_type string -value {Bin Name,    , ,  ,   ,Status,Cross,At Least,Size,Hit Count,}
gui_create_state_key -category Layout_CovDetail_m_CovGrpTable -key orders -value_type string -value 5,0,1,2,3,4,6,7,8,9,
gui_create_state_key -category Layout_CovDetail_m_CovGrpTable -key widths -value_type string -value 83,0,25,0,0,150,0,55,35,62,
gui_create_state_key -category {Layout_CovDetail_assertion list} -key names -value_type string -value {Instance,    , ,  ,   ,Assert Name,Attempts,Real Successes,Failures,Incompletes,Category,Severity,}
gui_create_state_key -category {Layout_CovDetail_assertion list} -key orders -value_type string -value 4,0,1,2,3,5,6,7,8,9,10,11,
gui_create_state_key -category {Layout_CovDetail_assertion list} -key widths -value_type string -value 78,0,25,0,0,230,83,109,110,95,83,78,
gui_create_state_key -category Layout_CovDetail_funMiddleSplitter -key value1 -value_type integer -value 629
gui_create_state_key -category Layout_CovDetail_funMiddleSplitter -key value2 -value_type integer -value 628
gui_create_state_key -category Layout_CovDetail_splitterWithPrefVal -key value1 -value_type integer -value 218
gui_create_state_key -category Layout_CovDetail_splitterWithPrefVal -key value2 -value_type integer -value 1
gui_state_default_create -off

# Begin command logging
gui_open_db -file ../sim/basic_bmc_side_rw_test.9/vcdplus.vpd
gui_list_expand -id  Hier.1   top_tb
gui_list_select -id Hier.1 -current_item_name top_tb.i2c_mstr0_master0 -current_item_type Scope  -selected  { top_tb.i2c_mstr0_master0   }
gui_list_select -id Hier.1 -current_item_name top_tb.u_smbus_filtered_relay_1 -current_item_type Scope  -selected  { top_tb.u_smbus_filtered_relay_1   }
gui_list_select -id Data.1 -selected  { top_tb.u_smbus_filtered_relay_1.ia_master_scl   }
gui_list_expand -id  Hier.1   top_tb.u_smbus_filtered_relay_1
gui_list_action -id  Hier.1 top_tb.u_smbus_filtered_relay_1
gui_list_select -id Data.1 -selected  { top_tb.u_smbus_filtered_relay_1.ia_master_scl  top_tb.u_smbus_filtered_relay_1.o_master_scl_oe   }
gui_list_select -id Data.1 -selected  { top_tb.u_smbus_filtered_relay_1.ia_master_scl  top_tb.u_smbus_filtered_relay_1.o_master_scl_oe  top_tb.u_smbus_filtered_relay_1.ia_master_sda   }
gui_list_select -id Data.1 -selected  { top_tb.u_smbus_filtered_relay_1.ia_master_scl  top_tb.u_smbus_filtered_relay_1.o_master_scl_oe  top_tb.u_smbus_filtered_relay_1.ia_master_sda  top_tb.u_smbus_filtered_relay_1.o_master_sda_oe   }
gui_list_select -id Data.1 -selected  { top_tb.u_smbus_filtered_relay_1.ia_master_scl  top_tb.u_smbus_filtered_relay_1.o_master_scl_oe  top_tb.u_smbus_filtered_relay_1.ia_master_sda  top_tb.u_smbus_filtered_relay_1.o_master_sda_oe  top_tb.u_smbus_filtered_relay_1.ia_slave_scl   }
gui_list_select -id Data.1 -selected  { top_tb.u_smbus_filtered_relay_1.ia_master_scl  top_tb.u_smbus_filtered_relay_1.o_master_scl_oe  top_tb.u_smbus_filtered_relay_1.ia_master_sda  top_tb.u_smbus_filtered_relay_1.o_master_sda_oe  top_tb.u_smbus_filtered_relay_1.ia_slave_scl  top_tb.u_smbus_filtered_relay_1.o_slave_scl_oe   }
gui_list_select -id Data.1 -selected  { top_tb.u_smbus_filtered_relay_1.ia_master_scl  top_tb.u_smbus_filtered_relay_1.o_master_scl_oe  top_tb.u_smbus_filtered_relay_1.ia_master_sda  top_tb.u_smbus_filtered_relay_1.o_master_sda_oe  top_tb.u_smbus_filtered_relay_1.ia_slave_scl  top_tb.u_smbus_filtered_relay_1.o_slave_scl_oe  top_tb.u_smbus_filtered_relay_1.ia_slave_sda   }
gui_list_select -id Data.1 -selected  { top_tb.u_smbus_filtered_relay_1.ia_master_scl  top_tb.u_smbus_filtered_relay_1.o_master_scl_oe  top_tb.u_smbus_filtered_relay_1.ia_master_sda  top_tb.u_smbus_filtered_relay_1.o_master_sda_oe  top_tb.u_smbus_filtered_relay_1.ia_slave_scl  top_tb.u_smbus_filtered_relay_1.o_slave_scl_oe  top_tb.u_smbus_filtered_relay_1.ia_slave_sda  top_tb.u_smbus_filtered_relay_1.o_slave_sda_oe   }
gui_open_window Wave
gui_list_add -id Wave.1 -from Data.1 { top_tb.u_smbus_filtered_relay_1.ia_master_scl top_tb.u_smbus_filtered_relay_1.o_master_scl_oe top_tb.u_smbus_filtered_relay_1.ia_master_sda top_tb.u_smbus_filtered_relay_1.o_master_sda_oe top_tb.u_smbus_filtered_relay_1.ia_slave_scl top_tb.u_smbus_filtered_relay_1.o_slave_scl_oe top_tb.u_smbus_filtered_relay_1.ia_slave_sda top_tb.u_smbus_filtered_relay_1.o_slave_sda_oe } -insertionbar
gui_zoom -window Wave.1 -full
gui_list_select -id Wave.1 -selected  { top_tb.u_smbus_filtered_relay_1.ia_slave_scl   }
gui_list_select -id Wave.1 -selected  { top_tb.u_smbus_filtered_relay_1.ia_slave_sda   }
gui_list_select -id Wave.1 -selected  { top_tb.u_smbus_filtered_relay_1.o_slave_sda_oe   }
gui_reparent_window -window {Wave.1} -parent {TopLevel.1}
gui_close_window -window TopLevel.2
gui_list_select -id Data.1 -selected  { top_tb.u_smbus_filtered_relay_1.address_filtered   }
gui_list_select -id Data.1 -selected  { top_tb.u_smbus_filtered_relay_1.my_address   }
gui_list_select -id Data.1 -selected  { {top_tb.u_smbus_filtered_relay_1.address_match_index[4:0]}   }
gui_sg_create  Group2 
gui_list_add_group -id  Wave.1   {Group2} 
gui_list_add  -id  Wave.1   -after Group2 {{top_tb.u_smbus_filtered_relay_1.address_match_index[4:0]}}
gui_list_select -id Data.1 -selected  { {top_tb.u_smbus_filtered_relay_1.relay_state[31:0]}   }
gui_list_add  -id  Wave.1   -after {top_tb.u_smbus_filtered_relay_1.address_match_index[4:0]} {{top_tb.u_smbus_filtered_relay_1.relay_state[31:0]}} 
gui_wv_zoom_timerange -id  Wave.1 135139899 196567126
gui_wv_zoom_timerange -id  Wave.1 143615147 148988503
gui_list_sort -id  Data.1   {Variable}
gui_list_expand -id  Data.1   top_tb.i2c_slv1_slave0.if_port
gui_list_select -id Data.1 -selected  { top_tb.i2c_slv1_slave0.if_port.CLK   }
gui_list_select -id Data.1 -selected  { top_tb.i2c_slv1_slave0.if_port.CLK  top_tb.i2c_slv1_slave0.if_port.RST  top_tb.i2c_slv1_slave0.if_port.SCL  top_tb.i2c_slv1_slave0.if_port.SDA  top_tb.i2c_slv1_slave0.if_port.SMBALRT   }
gui_sg_create  Group3 
gui_list_add_group -id  Wave.1   {Group3} 
gui_list_add  -id  Wave.1   -after Group3 {{top_tb.i2c_slv1_slave0.if_port.CLK} {top_tb.i2c_slv1_slave0.if_port.RST} {top_tb.i2c_slv1_slave0.if_port.SCL} {top_tb.i2c_slv1_slave0.if_port.SDA} {top_tb.i2c_slv1_slave0.if_port.SMBALRT}}
gui_zoom -window Wave.1 -full
gui_list_select -id Wave.1 -selected  { top_tb.i2c_slv1_slave0.if_port.SCL   }
gui_wv_zoom_timerange -id  Wave.1 0 2847170279
gui_wv_zoom_timerange -id  Wave.1 0 2283993741
gui_list_expand -id  Data.1   {top_tb.i2c_slv1_slave0.if_port.slave_if[0]}
gui_list_select -id Data.1 -selected  { {top_tb.i2c_slv1_slave0.if_port.slave_if[0]}   }
gui_list_select -id Data.1 -selected  { {top_tb.i2c_slv1_slave0.if_port.slave_if[0].address[63:0]}   }
gui_list_add  -id  Wave.1   -after top_tb.i2c_slv1_slave0.if_port.SMBALRT {{top_tb.i2c_slv1_slave0.if_port.slave_if[0].address[63:0]}} 
gui_list_collapse -id  Data.1   {top_tb.i2c_slv1_slave0.if_port.slave_if[0]}
gui_list_expand -id  Hier.1   top_tb.i2c_slv1_slave0
gui_list_select -id Hier.1 -current_item_name top_tb.i2c_slv1_slave0.Slave -current_item_type Scope  -selected  { top_tb.i2c_slv1_slave0.Slave   }
gui_list_expand -id  Hier.1   top_tb.i2c_slv1_slave0.Slave
gui_list_select -id Hier.1 -current_item_name top_tb.i2c_slv1_slave0.Slave.Slave -current_item_type Scope  -selected  { top_tb.i2c_slv1_slave0.Slave.Slave   }
gui_list_select -id Hier.1 -current_item_name top_tb.i2c_slv1_slave0.Slave.monitor_slave -current_item_type Scope  -selected  { top_tb.i2c_slv1_slave0.Slave.monitor_slave   }
gui_list_select -id Hier.1 -current_item_name top_tb.i2c_slv1_slave0.Slave.Slave -current_item_type Scope  -selected  { top_tb.i2c_slv1_slave0.Slave.Slave   }
gui_list_expand -id  Hier.1   top_tb.i2c_slv1_slave0.Slave.Slave
gui_list_select -id Data.1 -selected  { {top_tb.i2c_slv1_slave0.Slave.Slave.data_type[31:0]}   }
gui_list_select -id Data.1 -selected  { {top_tb.i2c_slv1_slave0.Slave.Slave.data_received_array[24691:0][7:0]}   }
gui_sg_create  Group4 
gui_list_add_group -id  Wave.1   {Group4} 
gui_list_add  -id  Wave.1   -after Group4 {{top_tb.i2c_slv1_slave0.Slave.Slave.data_received_array[24691:0][7:0]}}
add_wave {top_tb.i2c_slv1_slave0.Slave.Slave.data_received_array[2][7:0]}
gui_list_expand -id  Data.1   {top_tb.i2c_slv1_slave0.Slave.Slave.data_received_array[24691:0][7:0]}
gui_list_select -id Data.1 -selected  { {top_tb.i2c_slv1_slave0.Slave.Slave.data_recvd_ptr[31:0]}   }
gui_list_select -id Data.1 -selected  { {top_tb.i2c_slv1_slave0.Slave.Slave.eeprom_8bit[31:0]}   }
gui_sg_create  Group5 
gui_list_add_group -id  Wave.1   {Group5} 
gui_list_add  -id  Wave.1   -after Group5 {{top_tb.i2c_slv1_slave0.Slave.Slave.eeprom_8bit[31:0]}}
gui_zoom -window Wave.1 -full
gui_list_select -id Data.1 -selected  { {top_tb.i2c_slv1_slave0.Slave.Slave.eeprom_mem_ptr[15:0]}   }
gui_list_select -id Data.1 -selected  { {top_tb.i2c_slv1_slave0.Slave.Slave.eeprom_mem_ptr_8bit[7:0]}   }
gui_list_add  -id  Wave.1   -after {top_tb.i2c_slv1_slave0.Slave.Slave.eeprom_8bit[31:0]} {{top_tb.i2c_slv1_slave0.Slave.Slave.eeprom_mem_ptr_8bit[7:0]}} 
gui_wv_zoom_timerange -id  Wave.1 65995201 391571523
gui_zoom -window Wave.1 -factor 0.5
gui_zoom -window Wave.1 -factor 0.5
gui_list_expand -id  Data.1   {top_tb.i2c_slv1_slave0.if_port.slave_if[0]}
gui_list_select -id Data.1 -selected  { {top_tb.i2c_slv1_slave0.if_port.slave_if[0].data[63:0]}   }
gui_list_add  -id  Wave.1   -after {top_tb.i2c_slv1_slave0.Slave.Slave.eeprom_mem_ptr_8bit[7:0]} {{top_tb.i2c_slv1_slave0.if_port.slave_if[0].data[63:0]}} 
gui_zoom -window Wave.1 -full
gui_list_collapse -id  Data.1   top_tb.i2c_slv1_slave0.if_port
gui_list_collapse -id  Hier.1   top_tb.i2c_slv1_slave0
gui_list_expand -id  Hier.1   top_tb.i2c_slv1_slave0
gui_list_select -id Hier.1 -current_item_name top_tb.i2c_slv1_slave0 -current_item_type Scope  -selected  { top_tb.i2c_slv1_slave0   }
gui_list_expand -id  Data.1   top_tb.i2c_slv1_slave0.if_port
gui_list_expand -id  Data.1   {top_tb.i2c_slv1_slave0.if_port.slave_monitor_if[0]}
gui_marker_move -id  Wave.1 C1 303577923
gui_list_collapse -id  Data.1   {top_tb.i2c_slv1_slave0.if_port.slave_monitor_if[0]}
gui_list_select -id Data.1 -selected  { {top_tb.i2c_slv1_slave0.if_port.slave_monitor_if[0]}   }
gui_list_select -id Data.1 -selected  { {top_tb.i2c_slv1_slave0.if_port.slave_if[0].is_active}   }
gui_list_collapse -id  Data.1   {top_tb.i2c_slv1_slave0.if_port.slave_if[0]}
gui_list_collapse -id  Hier.1   top_tb.i2c_slv1_slave0.Slave.Slave
gui_list_select -id Hier.1 -current_item_name top_tb.i2c_slv1_slave0.Slave.Slave -current_item_type Scope  -selected  { top_tb.i2c_slv1_slave0.Slave.Slave   }
gui_list_select -id Hier.1 -current_item_name top_tb.i2c_slv1_slave0.Slave.monitor_slave -current_item_type Scope  -selected  { top_tb.i2c_slv1_slave0.Slave.monitor_slave   }
gui_list_expand -id  Data.1   top_tb.i2c_slv1_slave0.Slave.monitor_slave.if_mon
gui_list_select -id Data.1 -selected  { top_tb.i2c_slv1_slave0.Slave.monitor_slave.if_mon.end_simulation   }
gui_list_select -id Data.1 -selected  { top_tb.i2c_slv1_slave0.Slave.monitor_slave.if_mon.read_write_slv   }
gui_list_add  -id  Wave.1   -after Group5 {{top_tb.i2c_slv1_slave0.Slave.monitor_slave.if_mon.read_write_slv}}
gui_marker_move -id  Wave.1 C1 326965001
gui_list_select -id Data.1 -selected  { {top_tb.i2c_slv1_slave0.Slave.monitor_slave.if_mon.scrbrd_slave_data[7:0]}   }
gui_list_add  -id  Wave.1   -after top_tb.i2c_slv1_slave0.Slave.monitor_slave.if_mon.read_write_slv {{top_tb.i2c_slv1_slave0.Slave.monitor_slave.if_mon.scrbrd_slave_data[7:0]}} 
gui_list_select -id Data.1 -selected  { {top_tb.i2c_slv1_slave0.Slave.monitor_slave.if_mon.scrbrd_master_data[7:0]}   }
gui_list_add  -id  Wave.1   -after top_tb.i2c_slv1_slave0.Slave.monitor_slave.if_mon.read_write_slv {{top_tb.i2c_slv1_slave0.Slave.monitor_slave.if_mon.scrbrd_master_data[7:0]}} 
gui_list_select -id Wave.1 -selected  { {top_tb.i2c_slv1_slave0.Slave.monitor_slave.if_mon.scrbrd_master_data[7:0]}   }
gui_list_select -id Wave.1 -selected  { {top_tb.i2c_slv1_slave0.Slave.monitor_slave.if_mon.scrbrd_slave_data[7:0]}   }
gui_zoom -window Wave.1 -full
gui_wv_zoom_timerange -id  Wave.1 52796160 567558725
gui_wv_scrollleft -id  Wave.1  line
gui_wv_scrollleft -id  Wave.1  line
gui_wv_scrollleft -id  Wave.1  line
gui_wv_scrollleft -id  Wave.1  line
gui_wv_scrollleft -id  Wave.1  line
gui_wv_scrollleft -id  Wave.1  line
gui_wv_scrollleft -id  Wave.1  line
gui_wv_scrollleft -id  Wave.1  line
gui_wv_scrollleft -id  Wave.1  line
gui_wv_scrollleft -id  Wave.1  line
gui_zoom -window Wave.1 -factor 0.5
gui_marker_move -id  Wave.1 C1 106735001
gui_marker_move -id  Wave.1 C1 133015001
gui_marker_move -id  Wave.1 C1 159295001
gui_marker_move -id  Wave.1 C1 349675001
gui_marker_move -id  Wave.1 C1 372735001
gui_marker_move -id  Wave.1 C1 395795001
gui_list_expand -id  Hier.1   top_tb.i2c_slv1_slave0.Slave.monitor_slave
gui_list_select -id Hier.1 -current_item_name top_tb.i2c_slv1_slave0.Slave.monitor_slave.Monitor -current_item_type Scope  -selected  { top_tb.i2c_slv1_slave0.Slave.monitor_slave.Monitor   }
gui_list_expand -id  Hier.1   top_tb.i2c_slv1_slave0.Slave.monitor_slave.Monitor
gui_list_select -id Data.1 -selected  { {top_tb.i2c_slv1_slave0.Slave.monitor_slave.Monitor.data_byte[7:0]}   }
gui_list_add  -id  Wave.1   -after Group5 {{top_tb.i2c_slv1_slave0.Slave.monitor_slave.Monitor.data_byte[7:0]}}
gui_list_select -id Data.1 -selected  { {top_tb.i2c_slv1_slave0.Slave.monitor_slave.Monitor.data_count[31:0]}   }
gui_list_add  -id  Wave.1   -after {top_tb.i2c_slv1_slave0.Slave.monitor_slave.Monitor.data_byte[7:0]} {{top_tb.i2c_slv1_slave0.Slave.monitor_slave.Monitor.data_count[31:0]}} 
gui_wv_zoom_timerange -id  Wave.1 233708248 572182263
